<?xml version="1.0" encoding="UTF-8"?>
<testsuite xmlns:xsi="http://www.w3.org/2001/XMLSchema-instance" xsi:noNamespaceSchemaLocation="https://maven.apache.org/surefire/maven-surefire-plugin/xsd/surefire-test-report-3.0.xsd" version="3.0" name="com.sameera.customerservice.presentation.mapper.CustomerMapperTest" time="0.374" tests="0" errors="0" skipped="0" failures="0">
  <properties>
    <property name="java.specification.version" value="17"/>
    <property name="sun.jnu.encoding" value="UTF-8"/>
    <property name="java.class.path" value="/Users/sameera/Downloads/customer-service/target/test-classes:/Users/sameera/Downloads/customer-service/target/classes:/Users/sameera/.m2/repository/org/springframework/boot/spring-boot-starter-data-jpa/3.1.3/spring-boot-starter-data-jpa-3.1.3.jar:/Users/sameera/.m2/repository/org/springframework/boot/spring-boot-starter-aop/3.1.3/spring-boot-starter-aop-3.1.3.jar:/Users/sameera/.m2/repository/org/springframework/spring-aop/6.0.11/spring-aop-6.0.11.jar:/Users/sameera/.m2/repository/org/aspectj/aspectjweaver/1.9.20/aspectjweaver-1.9.20.jar:/Users/sameera/.m2/repository/org/springframework/boot/spring-boot-starter-jdbc/3.1.3/spring-boot-starter-jdbc-3.1.3.jar:/Users/sameera/.m2/repository/com/zaxxer/HikariCP/5.0.1/HikariCP-5.0.1.jar:/Users/sameera/.m2/repository/org/springframework/spring-jdbc/6.0.11/spring-jdbc-6.0.11.jar:/Users/sameera/.m2/repository/org/hibernate/orm/hibernate-core/6.2.7.Final/hibernate-core-6.2.7.Final.jar:/Users/sameera/.m2/repository/jakarta/persistence/jakarta.persistence-api/3.1.0/jakarta.persistence-api-3.1.0.jar:/Users/sameera/.m2/repository/jakarta/transaction/jakarta.transaction-api/2.0.1/jakarta.transaction-api-2.0.1.jar:/Users/sameera/.m2/repository/org/jboss/logging/jboss-logging/3.5.3.Final/jboss-logging-3.5.3.Final.jar:/Users/sameera/.m2/repository/org/hibernate/common/hibernate-commons-annotations/6.0.6.Final/hibernate-commons-annotations-6.0.6.Final.jar:/Users/sameera/.m2/repository/io/smallrye/jandex/3.0.5/jandex-3.0.5.jar:/Users/sameera/.m2/repository/net/bytebuddy/byte-buddy/1.14.6/byte-buddy-1.14.6.jar:/Users/sameera/.m2/repository/org/glassfish/jaxb/jaxb-runtime/4.0.3/jaxb-runtime-4.0.3.jar:/Users/sameera/.m2/repository/org/glassfish/jaxb/jaxb-core/4.0.3/jaxb-core-4.0.3.jar:/Users/sameera/.m2/repository/org/eclipse/angus/angus-activation/2.0.1/angus-activation-2.0.1.jar:/Users/sameera/.m2/repository/org/glassfish/jaxb/txw2/4.0.3/txw2-4.0.3.jar:/Users/sameera/.m2/repository/com/sun/istack/istack-commons-runtime/4.1.2/istack-commons-runtime-4.1.2.jar:/Users/sameera/.m2/repository/jakarta/inject/jakarta.inject-api/2.0.1/jakarta.inject-api-2.0.1.jar:/Users/sameera/.m2/repository/org/antlr/antlr4-runtime/4.10.1/antlr4-runtime-4.10.1.jar:/Users/sameera/.m2/repository/org/springframework/data/spring-data-jpa/3.1.3/spring-data-jpa-3.1.3.jar:/Users/sameera/.m2/repository/org/springframework/data/spring-data-commons/3.1.3/spring-data-commons-3.1.3.jar:/Users/sameera/.m2/repository/org/springframework/spring-orm/6.0.11/spring-orm-6.0.11.jar:/Users/sameera/.m2/repository/org/springframework/spring-context/6.0.11/spring-context-6.0.11.jar:/Users/sameera/.m2/repository/org/springframework/spring-tx/6.0.11/spring-tx-6.0.11.jar:/Users/sameera/.m2/repository/org/springframework/spring-beans/6.0.11/spring-beans-6.0.11.jar:/Users/sameera/.m2/repository/jakarta/annotation/jakarta.annotation-api/2.1.1/jakarta.annotation-api-2.1.1.jar:/Users/sameera/.m2/repository/org/springframework/spring-aspects/6.0.11/spring-aspects-6.0.11.jar:/Users/sameera/.m2/repository/org/springframework/boot/spring-boot-starter-web/3.1.3/spring-boot-starter-web-3.1.3.jar:/Users/sameera/.m2/repository/org/springframework/boot/spring-boot-starter/3.1.3/spring-boot-starter-3.1.3.jar:/Users/sameera/.m2/repository/org/springframework/boot/spring-boot/3.1.3/spring-boot-3.1.3.jar:/Users/sameera/.m2/repository/org/springframework/boot/spring-boot-autoconfigure/3.1.3/spring-boot-autoconfigure-3.1.3.jar:/Users/sameera/.m2/repository/org/springframework/boot/spring-boot-starter-logging/3.1.3/spring-boot-starter-logging-3.1.3.jar:/Users/sameera/.m2/repository/ch/qos/logback/logback-classic/1.4.11/logback-classic-1.4.11.jar:/Users/sameera/.m2/repository/ch/qos/logback/logback-core/1.4.11/logback-core-1.4.11.jar:/Users/sameera/.m2/repository/org/apache/logging/log4j/log4j-to-slf4j/2.20.0/log4j-to-slf4j-2.20.0.jar:/Users/sameera/.m2/repository/org/apache/logging/log4j/log4j-api/2.20.0/log4j-api-2.20.0.jar:/Users/sameera/.m2/repository/org/slf4j/jul-to-slf4j/2.0.7/jul-to-slf4j-2.0.7.jar:/Users/sameera/.m2/repository/org/yaml/snakeyaml/1.33/snakeyaml-1.33.jar:/Users/sameera/.m2/repository/org/springframework/boot/spring-boot-starter-json/3.1.3/spring-boot-starter-json-3.1.3.jar:/Users/sameera/.m2/repository/com/fasterxml/jackson/datatype/jackson-datatype-jdk8/2.15.2/jackson-datatype-jdk8-2.15.2.jar:/Users/sameera/.m2/repository/com/fasterxml/jackson/datatype/jackson-datatype-jsr310/2.15.2/jackson-datatype-jsr310-2.15.2.jar:/Users/sameera/.m2/repository/com/fasterxml/jackson/module/jackson-module-parameter-names/2.15.2/jackson-module-parameter-names-2.15.2.jar:/Users/sameera/.m2/repository/org/springframework/boot/spring-boot-starter-tomcat/3.1.3/spring-boot-starter-tomcat-3.1.3.jar:/Users/sameera/.m2/repository/org/apache/tomcat/embed/tomcat-embed-core/10.1.12/tomcat-embed-core-10.1.12.jar:/Users/sameera/.m2/repository/org/apache/tomcat/embed/tomcat-embed-websocket/10.1.12/tomcat-embed-websocket-10.1.12.jar:/Users/sameera/.m2/repository/org/springframework/spring-web/6.0.11/spring-web-6.0.11.jar:/Users/sameera/.m2/repository/io/micrometer/micrometer-observation/1.11.3/micrometer-observation-1.11.3.jar:/Users/sameera/.m2/repository/io/micrometer/micrometer-commons/1.11.3/micrometer-commons-1.11.3.jar:/Users/sameera/.m2/repository/org/springframework/spring-webmvc/6.0.11/spring-webmvc-6.0.11.jar:/Users/sameera/.m2/repository/org/springframework/spring-expression/6.0.11/spring-expression-6.0.11.jar:/Users/sameera/.m2/repository/org/projectlombok/lombok/1.18.28/lombok-1.18.28.jar:/Users/sameera/.m2/repository/org/springframework/boot/spring-boot-starter-test/3.1.3/spring-boot-starter-test-3.1.3.jar:/Users/sameera/.m2/repository/org/springframework/boot/spring-boot-test/3.1.3/spring-boot-test-3.1.3.jar:/Users/sameera/.m2/repository/org/springframework/boot/spring-boot-test-autoconfigure/3.1.3/spring-boot-test-autoconfigure-3.1.3.jar:/Users/sameera/.m2/repository/com/jayway/jsonpath/json-path/2.8.0/json-path-2.8.0.jar:/Users/sameera/.m2/repository/jakarta/xml/bind/jakarta.xml.bind-api/4.0.0/jakarta.xml.bind-api-4.0.0.jar:/Users/sameera/.m2/repository/jakarta/activation/jakarta.activation-api/2.1.2/jakarta.activation-api-2.1.2.jar:/Users/sameera/.m2/repository/net/minidev/json-smart/2.4.11/json-smart-2.4.11.jar:/Users/sameera/.m2/repository/net/minidev/accessors-smart/2.4.11/accessors-smart-2.4.11.jar:/Users/sameera/.m2/repository/org/ow2/asm/asm/9.3/asm-9.3.jar:/Users/sameera/.m2/repository/org/assertj/assertj-core/3.24.2/assertj-core-3.24.2.jar:/Users/sameera/.m2/repository/org/hamcrest/hamcrest/2.2/hamcrest-2.2.jar:/Users/sameera/.m2/repository/org/junit/jupiter/junit-jupiter/5.9.3/junit-jupiter-5.9.3.jar:/Users/sameera/.m2/repository/org/junit/jupiter/junit-jupiter-api/5.9.3/junit-jupiter-api-5.9.3.jar:/Users/sameera/.m2/repository/org/junit/jupiter/junit-jupiter-params/5.9.3/junit-jupiter-params-5.9.3.jar:/Users/sameera/.m2/repository/org/junit/jupiter/junit-jupiter-engine/5.9.3/junit-jupiter-engine-5.9.3.jar:/Users/sameera/.m2/repository/org/mockito/mockito-core/5.3.1/mockito-core-5.3.1.jar:/Users/sameera/.m2/repository/net/bytebuddy/byte-buddy-agent/1.14.6/byte-buddy-agent-1.14.6.jar:/Users/sameera/.m2/repository/org/objenesis/objenesis/3.3/objenesis-3.3.jar:/Users/sameera/.m2/repository/org/mockito/mockito-junit-jupiter/5.3.1/mockito-junit-jupiter-5.3.1.jar:/Users/sameera/.m2/repository/org/skyscreamer/jsonassert/1.5.1/jsonassert-1.5.1.jar:/Users/sameera/.m2/repository/com/vaadin/external/google/android-json/0.0.20131108.vaadin1/android-json-0.0.20131108.vaadin1.jar:/Users/sameera/.m2/repository/org/springframework/spring-core/6.0.11/spring-core-6.0.11.jar:/Users/sameera/.m2/repository/org/springframework/spring-jcl/6.0.11/spring-jcl-6.0.11.jar:/Users/sameera/.m2/repository/org/springframework/spring-test/6.0.11/spring-test-6.0.11.jar:/Users/sameera/.m2/repository/org/xmlunit/xmlunit-core/2.9.1/xmlunit-core-2.9.1.jar:/Users/sameera/.m2/repository/org/openapitools/jackson-databind-nullable/0.2.0/jackson-databind-nullable-0.2.0.jar:/Users/sameera/.m2/repository/com/fasterxml/jackson/core/jackson-databind/2.15.2/jackson-databind-2.15.2.jar:/Users/sameera/.m2/repository/com/fasterxml/jackson/core/jackson-annotations/2.15.2/jackson-annotations-2.15.2.jar:/Users/sameera/.m2/repository/com/fasterxml/jackson/core/jackson-core/2.15.2/jackson-core-2.15.2.jar:/Users/sameera/.m2/repository/org/springdoc/springdoc-openapi-ui/1.7.0/springdoc-openapi-ui-1.7.0.jar:/Users/sameera/.m2/repository/org/springdoc/springdoc-openapi-webmvc-core/1.7.0/springdoc-openapi-webmvc-core-1.7.0.jar:/Users/sameera/.m2/repository/org/springdoc/springdoc-openapi-common/1.7.0/springdoc-openapi-common-1.7.0.jar:/Users/sameera/.m2/repository/io/swagger/core/v3/swagger-core/2.2.9/swagger-core-2.2.9.jar:/Users/sameera/.m2/repository/com/fasterxml/jackson/dataformat/jackson-dataformat-yaml/2.15.2/jackson-dataformat-yaml-2.15.2.jar:/Users/sameera/.m2/repository/org/webjars/swagger-ui/4.18.2/swagger-ui-4.18.2.jar:/Users/sameera/.m2/repository/io/springfox/springfox-boot-starter/3.0.0/springfox-boot-starter-3.0.0.jar:/Users/sameera/.m2/repository/io/springfox/springfox-oas/3.0.0/springfox-oas-3.0.0.jar:/Users/sameera/.m2/repository/io/swagger/core/v3/swagger-annotations/2.1.2/swagger-annotations-2.1.2.jar:/Users/sameera/.m2/repository/io/swagger/core/v3/swagger-models/2.1.2/swagger-models-2.1.2.jar:/Users/sameera/.m2/repository/io/springfox/springfox-spi/3.0.0/springfox-spi-3.0.0.jar:/Users/sameera/.m2/repository/io/springfox/springfox-schema/3.0.0/springfox-schema-3.0.0.jar:/Users/sameera/.m2/repository/io/springfox/springfox-core/3.0.0/springfox-core-3.0.0.jar:/Users/sameera/.m2/repository/io/springfox/springfox-spring-web/3.0.0/springfox-spring-web-3.0.0.jar:/Users/sameera/.m2/repository/io/github/classgraph/classgraph/4.8.83/classgraph-4.8.83.jar:/Users/sameera/.m2/repository/io/springfox/springfox-spring-webmvc/3.0.0/springfox-spring-webmvc-3.0.0.jar:/Users/sameera/.m2/repository/io/springfox/springfox-spring-webflux/3.0.0/springfox-spring-webflux-3.0.0.jar:/Users/sameera/.m2/repository/io/springfox/springfox-swagger-common/3.0.0/springfox-swagger-common-3.0.0.jar:/Users/sameera/.m2/repository/io/springfox/springfox-data-rest/3.0.0/springfox-data-rest-3.0.0.jar:/Users/sameera/.m2/repository/io/springfox/springfox-bean-validators/3.0.0/springfox-bean-validators-3.0.0.jar:/Users/sameera/.m2/repository/io/springfox/springfox-swagger2/3.0.0/springfox-swagger2-3.0.0.jar:/Users/sameera/.m2/repository/io/swagger/swagger-annotations/1.5.20/swagger-annotations-1.5.20.jar:/Users/sameera/.m2/repository/io/swagger/swagger-models/1.5.20/swagger-models-1.5.20.jar:/Users/sameera/.m2/repository/io/springfox/springfox-swagger-ui/3.0.0/springfox-swagger-ui-3.0.0.jar:/Users/sameera/.m2/repository/com/fasterxml/classmate/1.5.1/classmate-1.5.1.jar:/Users/sameera/.m2/repository/org/slf4j/slf4j-api/2.0.7/slf4j-api-2.0.7.jar:/Users/sameera/.m2/repository/org/springframework/plugin/spring-plugin-core/2.0.0.RELEASE/spring-plugin-core-2.0.0.RELEASE.jar:/Users/sameera/.m2/repository/org/springframework/plugin/spring-plugin-metadata/2.0.0.RELEASE/spring-plugin-metadata-2.0.0.RELEASE.jar:/Users/sameera/.m2/repository/org/springframework/boot/spring-boot-starter-validation/3.1.3/spring-boot-starter-validation-3.1.3.jar:/Users/sameera/.m2/repository/org/apache/tomcat/embed/tomcat-embed-el/10.1.12/tomcat-embed-el-10.1.12.jar:/Users/sameera/.m2/repository/org/hibernate/validator/hibernate-validator/8.0.1.Final/hibernate-validator-8.0.1.Final.jar:/Users/sameera/.m2/repository/jakarta/validation/jakarta.validation-api/2.0.2/jakarta.validation-api-2.0.2.jar:/Users/sameera/.m2/repository/javax/annotation/javax.annotation-api/1.3.2/javax.annotation-api-1.3.2.jar:/Users/sameera/.m2/repository/javax/servlet/servlet-api/2.5/servlet-api-2.5.jar:/Users/sameera/.m2/repository/com/h2database/h2/2.1.214/h2-2.1.214.jar:/Users/sameera/.m2/repository/org/mapstruct/mapstruct/1.5.5.Final/mapstruct-1.5.5.Final.jar:/Users/sameera/.m2/repository/org/mapstruct/mapstruct-processor/1.5.5.Final/mapstruct-processor-1.5.5.Final.jar:/Users/sameera/.m2/repository/io/cucumber/cucumber-java/7.13.0/cucumber-java-7.13.0.jar:/Users/sameera/.m2/repository/io/cucumber/cucumber-core/7.13.0/cucumber-core-7.13.0.jar:/Users/sameera/.m2/repository/io/cucumber/cucumber-gherkin/7.13.0/cucumber-gherkin-7.13.0.jar:/Users/sameera/.m2/repository/io/cucumber/cucumber-gherkin-messages/7.13.0/cucumber-gherkin-messages-7.13.0.jar:/Users/sameera/.m2/repository/io/cucumber/gherkin/26.2.0/gherkin-26.2.0.jar:/Users/sameera/.m2/repository/io/cucumber/messages/22.0.0/messages-22.0.0.jar:/Users/sameera/.m2/repository/io/cucumber/tag-expressions/5.0.1/tag-expressions-5.0.1.jar:/Users/sameera/.m2/repository/io/cucumber/cucumber-expressions/16.1.2/cucumber-expressions-16.1.2.jar:/Users/sameera/.m2/repository/io/cucumber/datatable/7.13.0/datatable-7.13.0.jar:/Users/sameera/.m2/repository/io/cucumber/cucumber-plugin/7.13.0/cucumber-plugin-7.13.0.jar:/Users/sameera/.m2/repository/io/cucumber/docstring/7.13.0/docstring-7.13.0.jar:/Users/sameera/.m2/repository/io/cucumber/html-formatter/20.3.1/html-formatter-20.3.1.jar:/Users/sameera/.m2/repository/io/cucumber/junit-xml-formatter/0.2.0/junit-xml-formatter-0.2.0.jar:/Users/sameera/.m2/repository/io/cucumber/ci-environment/9.2.0/ci-environment-9.2.0.jar:/Users/sameera/.m2/repository/org/apiguardian/apiguardian-api/1.1.2/apiguardian-api-1.1.2.jar:/Users/sameera/.m2/repository/org/junit/platform/junit-platform-suite/1.9.3/junit-platform-suite-1.9.3.jar:/Users/sameera/.m2/repository/org/junit/platform/junit-platform-suite-api/1.9.3/junit-platform-suite-api-1.9.3.jar:/Users/sameera/.m2/repository/org/junit/platform/junit-platform-commons/1.9.3/junit-platform-commons-1.9.3.jar:/Users/sameera/.m2/repository/org/junit/platform/junit-platform-suite-engine/1.9.3/junit-platform-suite-engine-1.9.3.jar:/Users/sameera/.m2/repository/org/junit/platform/junit-platform-suite-commons/1.9.3/junit-platform-suite-commons-1.9.3.jar:/Users/sameera/.m2/repository/org/junit/platform/junit-platform-launcher/1.9.3/junit-platform-launcher-1.9.3.jar:/Users/sameera/.m2/repository/io/cucumber/cucumber-junit-platform-engine/7.13.0/cucumber-junit-platform-engine-7.13.0.jar:/Users/sameera/.m2/repository/org/junit/platform/junit-platform-engine/1.9.3/junit-platform-engine-1.9.3.jar:/Users/sameera/.m2/repository/org/opentest4j/opentest4j/1.2.0/opentest4j-1.2.0.jar:/Users/sameera/.m2/repository/io/cucumber/cucumber-junit/6.8.0/cucumber-junit-6.8.0.jar:/Users/sameera/.m2/repository/junit/junit/4.13.2/junit-4.13.2.jar:/Users/sameera/.m2/repository/org/hamcrest/hamcrest-core/2.2/hamcrest-core-2.2.jar:/Users/sameera/.m2/repository/io/cucumber/cucumber-spring/6.8.0/cucumber-spring-6.8.0.jar:/Users/sameera/.m2/repository/org/flywaydb/flyway-maven-plugin/9.21.2/flyway-maven-plugin-9.21.2.jar:/Users/sameera/.m2/repository/org/flywaydb/flyway-core/9.16.3/flyway-core-9.16.3.jar:/Users/sameera/.m2/repository/com/fasterxml/jackson/dataformat/jackson-dataformat-toml/2.15.2/jackson-dataformat-toml-2.15.2.jar:/Users/sameera/.m2/repository/org/apache/commons/commons-text/1.10.0/commons-text-1.10.0.jar:/Users/sameera/.m2/repository/org/apache/commons/commons-lang3/3.12.0/commons-lang3-3.12.0.jar:"/>
    <property name="java.vm.vendor" value="Azul Systems, Inc."/>
    <property name="sun.arch.data.model" value="64"/>
    <property name="java.vendor.url" value="http://www.azul.com/"/>
    <property name="user.timezone" value="Asia/Singapore"/>
    <property name="os.name" value="Mac OS X"/>
    <property name="java.vm.specification.version" value="17"/>
    <property name="sun.java.launcher" value="SUN_STANDARD"/>
    <property name="user.country" value="SG"/>
    <property name="sun.boot.library.path" value="/Users/sameera/.sdkman/candidates/java/17.0.8-zulu/zulu-17.jdk/Contents/Home/lib"/>
    <property name="sun.java.command" value="/Users/sameera/Downloads/customer-service/target/surefire/surefirebooter-20230903130842484_3.jar /Users/sameera/Downloads/customer-service/target/surefire 2023-09-03T13-08-42_453-jvmRun1 surefire-20230903130842484_1tmp surefire_0-20230903130842484_2tmp"/>
    <property name="http.nonProxyHosts" value="local|*.local|169.254/16|*.169.254/16"/>
    <property name="jdk.debug" value="release"/>
    <property name="surefire.test.class.path" value="/Users/sameera/Downloads/customer-service/target/test-classes:/Users/sameera/Downloads/customer-service/target/classes:/Users/sameera/.m2/repository/org/springframework/boot/spring-boot-starter-data-jpa/3.1.3/spring-boot-starter-data-jpa-3.1.3.jar:/Users/sameera/.m2/repository/org/springframework/boot/spring-boot-starter-aop/3.1.3/spring-boot-starter-aop-3.1.3.jar:/Users/sameera/.m2/repository/org/springframework/spring-aop/6.0.11/spring-aop-6.0.11.jar:/Users/sameera/.m2/repository/org/aspectj/aspectjweaver/1.9.20/aspectjweaver-1.9.20.jar:/Users/sameera/.m2/repository/org/springframework/boot/spring-boot-starter-jdbc/3.1.3/spring-boot-starter-jdbc-3.1.3.jar:/Users/sameera/.m2/repository/com/zaxxer/HikariCP/5.0.1/HikariCP-5.0.1.jar:/Users/sameera/.m2/repository/org/springframework/spring-jdbc/6.0.11/spring-jdbc-6.0.11.jar:/Users/sameera/.m2/repository/org/hibernate/orm/hibernate-core/6.2.7.Final/hibernate-core-6.2.7.Final.jar:/Users/sameera/.m2/repository/jakarta/persistence/jakarta.persistence-api/3.1.0/jakarta.persistence-api-3.1.0.jar:/Users/sameera/.m2/repository/jakarta/transaction/jakarta.transaction-api/2.0.1/jakarta.transaction-api-2.0.1.jar:/Users/sameera/.m2/repository/org/jboss/logging/jboss-logging/3.5.3.Final/jboss-logging-3.5.3.Final.jar:/Users/sameera/.m2/repository/org/hibernate/common/hibernate-commons-annotations/6.0.6.Final/hibernate-commons-annotations-6.0.6.Final.jar:/Users/sameera/.m2/repository/io/smallrye/jandex/3.0.5/jandex-3.0.5.jar:/Users/sameera/.m2/repository/net/bytebuddy/byte-buddy/1.14.6/byte-buddy-1.14.6.jar:/Users/sameera/.m2/repository/org/glassfish/jaxb/jaxb-runtime/4.0.3/jaxb-runtime-4.0.3.jar:/Users/sameera/.m2/repository/org/glassfish/jaxb/jaxb-core/4.0.3/jaxb-core-4.0.3.jar:/Users/sameera/.m2/repository/org/eclipse/angus/angus-activation/2.0.1/angus-activation-2.0.1.jar:/Users/sameera/.m2/repository/org/glassfish/jaxb/txw2/4.0.3/txw2-4.0.3.jar:/Users/sameera/.m2/repository/com/sun/istack/istack-commons-runtime/4.1.2/istack-commons-runtime-4.1.2.jar:/Users/sameera/.m2/repository/jakarta/inject/jakarta.inject-api/2.0.1/jakarta.inject-api-2.0.1.jar:/Users/sameera/.m2/repository/org/antlr/antlr4-runtime/4.10.1/antlr4-runtime-4.10.1.jar:/Users/sameera/.m2/repository/org/springframework/data/spring-data-jpa/3.1.3/spring-data-jpa-3.1.3.jar:/Users/sameera/.m2/repository/org/springframework/data/spring-data-commons/3.1.3/spring-data-commons-3.1.3.jar:/Users/sameera/.m2/repository/org/springframework/spring-orm/6.0.11/spring-orm-6.0.11.jar:/Users/sameera/.m2/repository/org/springframework/spring-context/6.0.11/spring-context-6.0.11.jar:/Users/sameera/.m2/repository/org/springframework/spring-tx/6.0.11/spring-tx-6.0.11.jar:/Users/sameera/.m2/repository/org/springframework/spring-beans/6.0.11/spring-beans-6.0.11.jar:/Users/sameera/.m2/repository/jakarta/annotation/jakarta.annotation-api/2.1.1/jakarta.annotation-api-2.1.1.jar:/Users/sameera/.m2/repository/org/springframework/spring-aspects/6.0.11/spring-aspects-6.0.11.jar:/Users/sameera/.m2/repository/org/springframework/boot/spring-boot-starter-web/3.1.3/spring-boot-starter-web-3.1.3.jar:/Users/sameera/.m2/repository/org/springframework/boot/spring-boot-starter/3.1.3/spring-boot-starter-3.1.3.jar:/Users/sameera/.m2/repository/org/springframework/boot/spring-boot/3.1.3/spring-boot-3.1.3.jar:/Users/sameera/.m2/repository/org/springframework/boot/spring-boot-autoconfigure/3.1.3/spring-boot-autoconfigure-3.1.3.jar:/Users/sameera/.m2/repository/org/springframework/boot/spring-boot-starter-logging/3.1.3/spring-boot-starter-logging-3.1.3.jar:/Users/sameera/.m2/repository/ch/qos/logback/logback-classic/1.4.11/logback-classic-1.4.11.jar:/Users/sameera/.m2/repository/ch/qos/logback/logback-core/1.4.11/logback-core-1.4.11.jar:/Users/sameera/.m2/repository/org/apache/logging/log4j/log4j-to-slf4j/2.20.0/log4j-to-slf4j-2.20.0.jar:/Users/sameera/.m2/repository/org/apache/logging/log4j/log4j-api/2.20.0/log4j-api-2.20.0.jar:/Users/sameera/.m2/repository/org/slf4j/jul-to-slf4j/2.0.7/jul-to-slf4j-2.0.7.jar:/Users/sameera/.m2/repository/org/yaml/snakeyaml/1.33/snakeyaml-1.33.jar:/Users/sameera/.m2/repository/org/springframework/boot/spring-boot-starter-json/3.1.3/spring-boot-starter-json-3.1.3.jar:/Users/sameera/.m2/repository/com/fasterxml/jackson/datatype/jackson-datatype-jdk8/2.15.2/jackson-datatype-jdk8-2.15.2.jar:/Users/sameera/.m2/repository/com/fasterxml/jackson/datatype/jackson-datatype-jsr310/2.15.2/jackson-datatype-jsr310-2.15.2.jar:/Users/sameera/.m2/repository/com/fasterxml/jackson/module/jackson-module-parameter-names/2.15.2/jackson-module-parameter-names-2.15.2.jar:/Users/sameera/.m2/repository/org/springframework/boot/spring-boot-starter-tomcat/3.1.3/spring-boot-starter-tomcat-3.1.3.jar:/Users/sameera/.m2/repository/org/apache/tomcat/embed/tomcat-embed-core/10.1.12/tomcat-embed-core-10.1.12.jar:/Users/sameera/.m2/repository/org/apache/tomcat/embed/tomcat-embed-websocket/10.1.12/tomcat-embed-websocket-10.1.12.jar:/Users/sameera/.m2/repository/org/springframework/spring-web/6.0.11/spring-web-6.0.11.jar:/Users/sameera/.m2/repository/io/micrometer/micrometer-observation/1.11.3/micrometer-observation-1.11.3.jar:/Users/sameera/.m2/repository/io/micrometer/micrometer-commons/1.11.3/micrometer-commons-1.11.3.jar:/Users/sameera/.m2/repository/org/springframework/spring-webmvc/6.0.11/spring-webmvc-6.0.11.jar:/Users/sameera/.m2/repository/org/springframework/spring-expression/6.0.11/spring-expression-6.0.11.jar:/Users/sameera/.m2/repository/org/projectlombok/lombok/1.18.28/lombok-1.18.28.jar:/Users/sameera/.m2/repository/org/springframework/boot/spring-boot-starter-test/3.1.3/spring-boot-starter-test-3.1.3.jar:/Users/sameera/.m2/repository/org/springframework/boot/spring-boot-test/3.1.3/spring-boot-test-3.1.3.jar:/Users/sameera/.m2/repository/org/springframework/boot/spring-boot-test-autoconfigure/3.1.3/spring-boot-test-autoconfigure-3.1.3.jar:/Users/sameera/.m2/repository/com/jayway/jsonpath/json-path/2.8.0/json-path-2.8.0.jar:/Users/sameera/.m2/repository/jakarta/xml/bind/jakarta.xml.bind-api/4.0.0/jakarta.xml.bind-api-4.0.0.jar:/Users/sameera/.m2/repository/jakarta/activation/jakarta.activation-api/2.1.2/jakarta.activation-api-2.1.2.jar:/Users/sameera/.m2/repository/net/minidev/json-smart/2.4.11/json-smart-2.4.11.jar:/Users/sameera/.m2/repository/net/minidev/accessors-smart/2.4.11/accessors-smart-2.4.11.jar:/Users/sameera/.m2/repository/org/ow2/asm/asm/9.3/asm-9.3.jar:/Users/sameera/.m2/repository/org/assertj/assertj-core/3.24.2/assertj-core-3.24.2.jar:/Users/sameera/.m2/repository/org/hamcrest/hamcrest/2.2/hamcrest-2.2.jar:/Users/sameera/.m2/repository/org/junit/jupiter/junit-jupiter/5.9.3/junit-jupiter-5.9.3.jar:/Users/sameera/.m2/repository/org/junit/jupiter/junit-jupiter-api/5.9.3/junit-jupiter-api-5.9.3.jar:/Users/sameera/.m2/repository/org/junit/jupiter/junit-jupiter-params/5.9.3/junit-jupiter-params-5.9.3.jar:/Users/sameera/.m2/repository/org/junit/jupiter/junit-jupiter-engine/5.9.3/junit-jupiter-engine-5.9.3.jar:/Users/sameera/.m2/repository/org/mockito/mockito-core/5.3.1/mockito-core-5.3.1.jar:/Users/sameera/.m2/repository/net/bytebuddy/byte-buddy-agent/1.14.6/byte-buddy-agent-1.14.6.jar:/Users/sameera/.m2/repository/org/objenesis/objenesis/3.3/objenesis-3.3.jar:/Users/sameera/.m2/repository/org/mockito/mockito-junit-jupiter/5.3.1/mockito-junit-jupiter-5.3.1.jar:/Users/sameera/.m2/repository/org/skyscreamer/jsonassert/1.5.1/jsonassert-1.5.1.jar:/Users/sameera/.m2/repository/com/vaadin/external/google/android-json/0.0.20131108.vaadin1/android-json-0.0.20131108.vaadin1.jar:/Users/sameera/.m2/repository/org/springframework/spring-core/6.0.11/spring-core-6.0.11.jar:/Users/sameera/.m2/repository/org/springframework/spring-jcl/6.0.11/spring-jcl-6.0.11.jar:/Users/sameera/.m2/repository/org/springframework/spring-test/6.0.11/spring-test-6.0.11.jar:/Users/sameera/.m2/repository/org/xmlunit/xmlunit-core/2.9.1/xmlunit-core-2.9.1.jar:/Users/sameera/.m2/repository/org/openapitools/jackson-databind-nullable/0.2.0/jackson-databind-nullable-0.2.0.jar:/Users/sameera/.m2/repository/com/fasterxml/jackson/core/jackson-databind/2.15.2/jackson-databind-2.15.2.jar:/Users/sameera/.m2/repository/com/fasterxml/jackson/core/jackson-annotations/2.15.2/jackson-annotations-2.15.2.jar:/Users/sameera/.m2/repository/com/fasterxml/jackson/core/jackson-core/2.15.2/jackson-core-2.15.2.jar:/Users/sameera/.m2/repository/org/springdoc/springdoc-openapi-ui/1.7.0/springdoc-openapi-ui-1.7.0.jar:/Users/sameera/.m2/repository/org/springdoc/springdoc-openapi-webmvc-core/1.7.0/springdoc-openapi-webmvc-core-1.7.0.jar:/Users/sameera/.m2/repository/org/springdoc/springdoc-openapi-common/1.7.0/springdoc-openapi-common-1.7.0.jar:/Users/sameera/.m2/repository/io/swagger/core/v3/swagger-core/2.2.9/swagger-core-2.2.9.jar:/Users/sameera/.m2/repository/com/fasterxml/jackson/dataformat/jackson-dataformat-yaml/2.15.2/jackson-dataformat-yaml-2.15.2.jar:/Users/sameera/.m2/repository/org/webjars/swagger-ui/4.18.2/swagger-ui-4.18.2.jar:/Users/sameera/.m2/repository/io/springfox/springfox-boot-starter/3.0.0/springfox-boot-starter-3.0.0.jar:/Users/sameera/.m2/repository/io/springfox/springfox-oas/3.0.0/springfox-oas-3.0.0.jar:/Users/sameera/.m2/repository/io/swagger/core/v3/swagger-annotations/2.1.2/swagger-annotations-2.1.2.jar:/Users/sameera/.m2/repository/io/swagger/core/v3/swagger-models/2.1.2/swagger-models-2.1.2.jar:/Users/sameera/.m2/repository/io/springfox/springfox-spi/3.0.0/springfox-spi-3.0.0.jar:/Users/sameera/.m2/repository/io/springfox/springfox-schema/3.0.0/springfox-schema-3.0.0.jar:/Users/sameera/.m2/repository/io/springfox/springfox-core/3.0.0/springfox-core-3.0.0.jar:/Users/sameera/.m2/repository/io/springfox/springfox-spring-web/3.0.0/springfox-spring-web-3.0.0.jar:/Users/sameera/.m2/repository/io/github/classgraph/classgraph/4.8.83/classgraph-4.8.83.jar:/Users/sameera/.m2/repository/io/springfox/springfox-spring-webmvc/3.0.0/springfox-spring-webmvc-3.0.0.jar:/Users/sameera/.m2/repository/io/springfox/springfox-spring-webflux/3.0.0/springfox-spring-webflux-3.0.0.jar:/Users/sameera/.m2/repository/io/springfox/springfox-swagger-common/3.0.0/springfox-swagger-common-3.0.0.jar:/Users/sameera/.m2/repository/io/springfox/springfox-data-rest/3.0.0/springfox-data-rest-3.0.0.jar:/Users/sameera/.m2/repository/io/springfox/springfox-bean-validators/3.0.0/springfox-bean-validators-3.0.0.jar:/Users/sameera/.m2/repository/io/springfox/springfox-swagger2/3.0.0/springfox-swagger2-3.0.0.jar:/Users/sameera/.m2/repository/io/swagger/swagger-annotations/1.5.20/swagger-annotations-1.5.20.jar:/Users/sameera/.m2/repository/io/swagger/swagger-models/1.5.20/swagger-models-1.5.20.jar:/Users/sameera/.m2/repository/io/springfox/springfox-swagger-ui/3.0.0/springfox-swagger-ui-3.0.0.jar:/Users/sameera/.m2/repository/com/fasterxml/classmate/1.5.1/classmate-1.5.1.jar:/Users/sameera/.m2/repository/org/slf4j/slf4j-api/2.0.7/slf4j-api-2.0.7.jar:/Users/sameera/.m2/repository/org/springframework/plugin/spring-plugin-core/2.0.0.RELEASE/spring-plugin-core-2.0.0.RELEASE.jar:/Users/sameera/.m2/repository/org/springframework/plugin/spring-plugin-metadata/2.0.0.RELEASE/spring-plugin-metadata-2.0.0.RELEASE.jar:/Users/sameera/.m2/repository/org/springframework/boot/spring-boot-starter-validation/3.1.3/spring-boot-starter-validation-3.1.3.jar:/Users/sameera/.m2/repository/org/apache/tomcat/embed/tomcat-embed-el/10.1.12/tomcat-embed-el-10.1.12.jar:/Users/sameera/.m2/repository/org/hibernate/validator/hibernate-validator/8.0.1.Final/hibernate-validator-8.0.1.Final.jar:/Users/sameera/.m2/repository/jakarta/validation/jakarta.validation-api/2.0.2/jakarta.validation-api-2.0.2.jar:/Users/sameera/.m2/repository/javax/annotation/javax.annotation-api/1.3.2/javax.annotation-api-1.3.2.jar:/Users/sameera/.m2/repository/javax/servlet/servlet-api/2.5/servlet-api-2.5.jar:/Users/sameera/.m2/repository/com/h2database/h2/2.1.214/h2-2.1.214.jar:/Users/sameera/.m2/repository/org/mapstruct/mapstruct/1.5.5.Final/mapstruct-1.5.5.Final.jar:/Users/sameera/.m2/repository/org/mapstruct/mapstruct-processor/1.5.5.Final/mapstruct-processor-1.5.5.Final.jar:/Users/sameera/.m2/repository/io/cucumber/cucumber-java/7.13.0/cucumber-java-7.13.0.jar:/Users/sameera/.m2/repository/io/cucumber/cucumber-core/7.13.0/cucumber-core-7.13.0.jar:/Users/sameera/.m2/repository/io/cucumber/cucumber-gherkin/7.13.0/cucumber-gherkin-7.13.0.jar:/Users/sameera/.m2/repository/io/cucumber/cucumber-gherkin-messages/7.13.0/cucumber-gherkin-messages-7.13.0.jar:/Users/sameera/.m2/repository/io/cucumber/gherkin/26.2.0/gherkin-26.2.0.jar:/Users/sameera/.m2/repository/io/cucumber/messages/22.0.0/messages-22.0.0.jar:/Users/sameera/.m2/repository/io/cucumber/tag-expressions/5.0.1/tag-expressions-5.0.1.jar:/Users/sameera/.m2/repository/io/cucumber/cucumber-expressions/16.1.2/cucumber-expressions-16.1.2.jar:/Users/sameera/.m2/repository/io/cucumber/datatable/7.13.0/datatable-7.13.0.jar:/Users/sameera/.m2/repository/io/cucumber/cucumber-plugin/7.13.0/cucumber-plugin-7.13.0.jar:/Users/sameera/.m2/repository/io/cucumber/docstring/7.13.0/docstring-7.13.0.jar:/Users/sameera/.m2/repository/io/cucumber/html-formatter/20.3.1/html-formatter-20.3.1.jar:/Users/sameera/.m2/repository/io/cucumber/junit-xml-formatter/0.2.0/junit-xml-formatter-0.2.0.jar:/Users/sameera/.m2/repository/io/cucumber/ci-environment/9.2.0/ci-environment-9.2.0.jar:/Users/sameera/.m2/repository/org/apiguardian/apiguardian-api/1.1.2/apiguardian-api-1.1.2.jar:/Users/sameera/.m2/repository/org/junit/platform/junit-platform-suite/1.9.3/junit-platform-suite-1.9.3.jar:/Users/sameera/.m2/repository/org/junit/platform/junit-platform-suite-api/1.9.3/junit-platform-suite-api-1.9.3.jar:/Users/sameera/.m2/repository/org/junit/platform/junit-platform-commons/1.9.3/junit-platform-commons-1.9.3.jar:/Users/sameera/.m2/repository/org/junit/platform/junit-platform-suite-engine/1.9.3/junit-platform-suite-engine-1.9.3.jar:/Users/sameera/.m2/repository/org/junit/platform/junit-platform-suite-commons/1.9.3/junit-platform-suite-commons-1.9.3.jar:/Users/sameera/.m2/repository/org/junit/platform/junit-platform-launcher/1.9.3/junit-platform-launcher-1.9.3.jar:/Users/sameera/.m2/repository/io/cucumber/cucumber-junit-platform-engine/7.13.0/cucumber-junit-platform-engine-7.13.0.jar:/Users/sameera/.m2/repository/org/junit/platform/junit-platform-engine/1.9.3/junit-platform-engine-1.9.3.jar:/Users/sameera/.m2/repository/org/opentest4j/opentest4j/1.2.0/opentest4j-1.2.0.jar:/Users/sameera/.m2/repository/io/cucumber/cucumber-junit/6.8.0/cucumber-junit-6.8.0.jar:/Users/sameera/.m2/repository/junit/junit/4.13.2/junit-4.13.2.jar:/Users/sameera/.m2/repository/org/hamcrest/hamcrest-core/2.2/hamcrest-core-2.2.jar:/Users/sameera/.m2/repository/io/cucumber/cucumber-spring/6.8.0/cucumber-spring-6.8.0.jar:/Users/sameera/.m2/repository/org/flywaydb/flyway-maven-plugin/9.21.2/flyway-maven-plugin-9.21.2.jar:/Users/sameera/.m2/repository/org/flywaydb/flyway-core/9.16.3/flyway-core-9.16.3.jar:/Users/sameera/.m2/repository/com/fasterxml/jackson/dataformat/jackson-dataformat-toml/2.15.2/jackson-dataformat-toml-2.15.2.jar:/Users/sameera/.m2/repository/org/apache/commons/commons-text/1.10.0/commons-text-1.10.0.jar:/Users/sameera/.m2/repository/org/apache/commons/commons-lang3/3.12.0/commons-lang3-3.12.0.jar:"/>
    <property name="sun.cpu.endian" value="little"/>
    <property name="user.home" value="/Users/sameera"/>
    <property name="user.language" value="en"/>
    <property name="java.specification.vendor" value="Oracle Corporation"/>
    <property name="java.version.date" value="2023-07-18"/>
    <property name="java.home" value="/Users/sameera/.sdkman/candidates/java/17.0.8-zulu/zulu-17.jdk/Contents/Home"/>
    <property name="file.separator" value="/"/>
    <property name="basedir" value="/Users/sameera/Downloads/customer-service"/>
    <property name="java.vm.compressedOopsMode" value="Zero based"/>
    <property name="line.separator" value="&#10;"/>
    <property name="java.vm.specification.vendor" value="Oracle Corporation"/>
    <property name="java.specification.name" value="Java Platform API Specification"/>
    <property name="surefire.real.class.path" value="/Users/sameera/Downloads/customer-service/target/surefire/surefirebooter-20230903130842484_3.jar"/>
    <property name="sun.management.compiler" value="HotSpot 64-Bit Tiered Compilers"/>
    <property name="ftp.nonProxyHosts" value="local|*.local|169.254/16|*.169.254/16"/>
    <property name="java.runtime.version" value="17.0.8+7-LTS"/>
    <property name="user.name" value="sameera"/>
    <property name="path.separator" value=":"/>
    <property name="os.version" value="12.5.1"/>
    <property name="java.runtime.name" value="OpenJDK Runtime Environment"/>
    <property name="file.encoding" value="US-ASCII"/>
    <property name="java.vm.name" value="OpenJDK 64-Bit Server VM"/>
    <property name="java.vendor.version" value="Zulu17.44+15-CA"/>
    <property name="localRepository" value="/Users/sameera/.m2/repository"/>
    <property name="java.vendor.url.bug" value="http://www.azul.com/support/"/>
    <property name="java.io.tmpdir" value="/var/folders/k0/qpbylzs10xb2bstwgqv4myj40000gn/T/"/>
    <property name="java.version" value="17.0.8"/>
    <property name="user.dir" value="/Users/sameera/Downloads/customer-service"/>
    <property name="os.arch" value="aarch64"/>
    <property name="java.vm.specification.name" value="Java Virtual Machine Specification"/>
    <property name="native.encoding" value="US-ASCII"/>
    <property name="java.library.path" value="/Users/sameera/Library/Java/Extensions:/Library/Java/Extensions:/Network/Library/Java/Extensions:/System/Library/Java/Extensions:/usr/lib/java:."/>
    <property name="java.vm.info" value="mixed mode, sharing"/>
    <property name="java.vendor" value="Azul Systems, Inc."/>
    <property name="java.vm.version" value="17.0.8+7-LTS"/>
    <property name="sun.io.unicode.encoding" value="UnicodeBig"/>
    <property name="socksNonProxyHosts" value="local|*.local|169.254/16|*.169.254/16"/>
    <property name="java.class.version" value="61.0"/>
  </properties>
</testsuite>